(Loading /usr/share/perl5/LaTeXML/Package/TeX.pool.ltxml...
(Loading /usr/share/perl5/LaTeXML/Package/eTeX.pool.ltxml... 0.00 sec)
(Loading /usr/share/perl5/LaTeXML/Package/pdfTeX.pool.ltxml... 0.01 sec) 0.12 sec)
(Loading /usr/share/perl5/LaTeXML/Package/LaTeX.pool.ltxml...
(Loading /usr/share/perl5/LaTeXML/Package/textcomp.sty.ltxml...
(Processing definitions /usr/share/texlive/texmf-dist/tex/latex/base/ts1enc.dfu... 0.02 sec) 0.07 sec) 0.26 sec)
(Loading /usr/share/perl5/LaTeXML/Package/article.cls.ltxml... 0.01 sec)
(Loading /usr/share/perl5/LaTeXML/Package/amsmath.sty.ltxml...
(Loading /usr/share/perl5/LaTeXML/Package/amsbsy.sty.ltxml...
(Loading /usr/share/perl5/LaTeXML/Package/amsgen.sty.ltxml... 0.00 sec) 0.01 sec)
(Loading /usr/share/perl5/LaTeXML/Package/amstext.sty.ltxml... 0.00 sec)
(Loading /usr/share/perl5/LaTeXML/Package/amsopn.sty.ltxml... 0.01 sec) 0.05 sec)
(Loading /usr/share/perl5/LaTeXML/Package/amsthm.sty.ltxml... 0.01 sec)
(Loading /usr/share/perl5/LaTeXML/Package/amssymb.sty.ltxml...
(Loading /usr/share/perl5/LaTeXML/Package/amsfonts.sty.ltxml... 0.00 sec) 0.01 sec)
(Loading /usr/share/perl5/LaTeXML/Package/eucal.sty.ltxml... 0.00 sec)
(Loading /usr/share/perl5/LaTeXML/Package/xcolor.sty.ltxml...
(Loading /usr/share/perl5/LaTeXML/Package/color.sty.ltxml... 0.01 sec)
(Processing definitions /usr/share/texlive/texmf-dist/tex/latex/graphics/dvipsnam.def... 0.07 sec) 0.12 sec)
(Loading /usr/share/perl5/LaTeXML/Package/url.sty.ltxml... 0.00 sec)
(Loading /usr/share/perl5/LaTeXML/Package/hyperref.sty.ltxml...
(Loading /usr/share/perl5/LaTeXML/Package/ltxcmds.sty.ltxml...
(Processing definitions /usr/share/texlive/texmf-dist/tex/generic/ltxcmds/ltxcmds.sty... 0.08 sec) 0.08 sec)
(Loading /usr/share/perl5/LaTeXML/Package/keyval.sty.ltxml...
(Processing definitions /usr/share/texlive/texmf-dist/tex/latex/graphics/keyval.sty... 0.01 sec) 0.01 sec)
(Loading /usr/share/perl5/LaTeXML/Package/kvsetkeys.sty.ltxml...
(Processing definitions /usr/share/texlive/texmf-dist/tex/latex/kvsetkeys/kvsetkeys.sty... 0.05 sec) 0.06 sec)
(Loading /usr/share/perl5/LaTeXML/Package/kvdefinekeys.sty.ltxml...
(Processing definitions /usr/share/texlive/texmf-dist/tex/generic/kvdefinekeys/kvdefinekeys.sty... 0.02 sec) 0.02 sec)
(Loading /usr/share/perl5/LaTeXML/Package/kvoptions.sty.ltxml...
(Processing definitions /usr/share/texlive/texmf-dist/tex/latex/kvoptions/kvoptions.sty... 0.11 sec) 0.12 sec)
(Loading /usr/share/perl5/LaTeXML/Package/nameref.sty.ltxml...
(Loading /usr/share/perl5/LaTeXML/Package/refcount.sty.ltxml...
(Processing definitions /usr/share/texlive/texmf-dist/tex/latex/refcount/refcount.sty...
(Loading /usr/share/perl5/LaTeXML/Package/infwarerr.sty.ltxml...
(Processing definitions /usr/share/texlive/texmf-dist/tex/generic/infwarerr/infwarerr.sty... 0.04 sec) 0.04 sec) 0.09 sec) 0.09 sec)
(Loading /usr/share/perl5/LaTeXML/Package/gettitlestring.sty.ltxml...
(Processing definitions /usr/share/texlive/texmf-dist/tex/generic/gettitlestring/gettitlestring.sty... 0.08 sec) 0.08 sec) 0.19 sec)
(Loading /usr/share/perl5/LaTeXML/Package/bitset.sty.ltxml...
(Processing definitions /usr/share/texlive/texmf-dist/tex/generic/bitset/bitset.sty...
(Loading /usr/share/perl5/LaTeXML/Package/intcalc.sty.ltxml...
(Processing definitions /usr/share/texlive/texmf-dist/tex/generic/intcalc/intcalc.sty... 0.05 sec) 0.05 sec)
(Loading /usr/share/perl5/LaTeXML/Package/bigintcalc.sty.ltxml...
(Processing definitions /usr/share/texlive/texmf-dist/tex/generic/bigintcalc/bigintcalc.sty...
(Loading /usr/share/perl5/LaTeXML/Package/pdftexcmds.sty.ltxml...
(Loading /usr/share/perl5/LaTeXML/Package/iftex.sty.ltxml... 0.00 sec) 0.01 sec) 0.15 sec) 0.15 sec) 0.35 sec) 0.35 sec) 0.88 sec)
(Loading /usr/share/perl5/LaTeXML/Package/latexml.sty.ltxml... 0.01 sec)
(Loading /home/ma5339/Projects/math_ir_pipeline/lib/math_lib/mws.sty.ltxml... 0.02 sec)
latexmlc (LaTeXML version 0.8.8)
invoked as [/usr/local/bin/latexmlc --preload=amsmath --preload=amsfonts --preload=/home/ma5339/Projects/math_ir_pipeline/lib/math_lib/mws.sty.ltxml --pmml --cmml --profile=fragment -]
processing started Sat Jul  4 15:38:59 2026
(Digesting TeX Anonymous String...
(Processing content Literal String...
(Processing content Literal String...
(Processing content Literal String... 0.00 sec)
Error:misdefined:# The token T_PARAM[#] should never reach Stomach!
	at String; line 1 col 9 - line 1 col 9
	In Core::Stomach[@0x6268dac6fca8] Literal String; from line 1 col 9 to line 1 col 9
Error:expected:$ Missing $ closing display math.
	at String; line 2 col 4 - line 2 col 4
	Ignoring; expect to be in wrong math/text mode.
	In Core::Definition::Primitive[\@dollar@... /usr/share/perl5/LaTeXML/Package/TeX.pool.ltxml; line 3864
	 <= Core::Stomach[@0x6268dac6fca8] <= Core::Definition::Constructor[$$] <= Core::Stomach[@0x6268dac6fca8] <= ...
Error:expected:$ Missing $ closing display math.
	at String; line 2 col 0 - line 2 col 9
	Ignoring; expect to be in wrong math/text mode.
	In Core::Definition::Primitive[\@dollar@... /usr/share/perl5/LaTeXML/Package/TeX.pool.ltxml; line 3864
	 <= Core::Stomach[@0x6268dac6fca8] <= Core::Definition::Constructor[$$] <= Core::Stomach[@0x6268dac6fca8] <= ...
 0.01 sec) 0.01 sec) 0.01 sec)
(Building...
(Loading compiled schema /usr/share/perl5/LaTeXML/resources/RelaxNG/LaTeXML.model... 0.01 sec) 0.04 sec)
(Rewriting... 0.00 sec)
(Math Parsing 1 formulae ...... 0.00 sec)
Math parsing succeeded:
   ltx:XMath: 1/1
   ltx:XMArg: 1/1
Symbols assumed as simple identifiers (with # of occurences):
   'x{italic}' (1)
Set MATHPARSER_SPECULATE to speculate on possible notations.
(Finalizing... 0.00 sec)
Conversion complete: 3 errors (See latexml.log)
(post-processing...
(Scan  processing...
Scan: DBStatus: 12/0 objects
 0.00 sec)
(CrossRef  processing... 0.00 sec)
(MathML::Presentation[w/MathML::Content]  processing...
converted 1 Maths
 0.00 sec)
(XSLT[using LaTeXML-xhtml.xsl]  processing... 0.00 sec) 0.00 sec)
Post-processing complete: No obvious problems
processing finished Sat Jul  4 15:38:59 2026
Status:conversion:2
